[0m[[0m[31merror[0m] [0m[0mCouldn't run bloopGenerate for test-driven-development-build. Cause:[0m
[0m[[0m[31merror[0m] [0m[0mIncomplete(node=Some(Task(_)), tpe=Error, msg=None, causes=List(Incomplete(node=Some(Task((taskDefinitionKey: ScopedKey(Scope(Select(ProjectRef(file:/D:/GitHub/20-Onishi.Yosei/TDD/Test-Driven%20Development/project/,test-driven-development-build)), Zero, Zero, Zero),update)))), tpe=Error, msg=None, causes=List(Incomplete(node=Some(Task((tags: Map(Tag(update) -> 1, Tag(network) -> 1), taskDefinitionKey: ScopedKey(Scope(Select(ProjectRef(file:/D:/GitHub/20-Onishi.Yosei/TDD/Test-Driven%20Development/project/,test-driven-development-build)), Zero, Zero, Zero),update)))), tpe=Error, msg=None, causes=List(), directCause=Some(sbt.librarymanagement.ResolveException: Error downloading org.scalameta:scalafmt;sbtVersion=1.0;scalaVersion=2.12:<latest>[0m
[0m[[0m[31merror[0m] [0m[0m  Not found[0m
[0m[[0m[31merror[0m] [0m[0m  Not found[0m
[0m[[0m[31merror[0m] [0m[0m  not found: https://repo1.maven.org/maven2/org/scalameta/scalafmt_2.12_1.0/<latest>/scalafmt-<latest>.pom[0m
[0m[[0m[31merror[0m] [0m[0m  not found: C:\Users\syake\.ivy2\localorg.scalameta\scalafmt\scala_2.12\sbt_1.0\<latest>\ivys\ivy.xml[0m
[0m[[0m[31merror[0m] [0m[0m  download error: Caught java.net.URISyntaxException (Illegal character in path at index 98: https://repo.scala-sbt.org/scalasbt/sbt-plugin-releases/org.scalameta/scalafmt/scala_2.12/sbt_1.0/<latest>/ivys/ivy.xml) while downloading https://repo.scala-sbt.org/scalasbt/sbt-plugin-releases/org.scalameta/scalafmt/scala_2.12/sbt_1.0/<latest>/ivys/ivy.xml[0m
[0m[[0m[31merror[0m] [0m[0m  download error: Caught java.net.URISyntaxException (Illegal character in path at index 90: https://repo.typesafe.com/typesafe/ivy-releases/org.scalameta/scalafmt/scala_2.12/sbt_1.0/<latest>/ivys/ivy.xml) while downloading https://repo.typesafe.com/typesafe/ivy-releases/org.scalameta/scalafmt/scala_2.12/sbt_1.0/<latest>/ivys/ivy.xml[0m
[0m[[0m[31merror[0m] [0m[0mError downloading ch.epfl.scala:sbt-scalafix;sbtVersion=1.0;scalaVersion=2.12:<latest>[0m
[0m[[0m[31merror[0m] [0m[0m  Not found[0m
[0m[[0m[31merror[0m] [0m[0m  Not found[0m
[0m[[0m[31merror[0m] [0m[0m  not found: https://repo1.maven.org/maven2/ch/epfl/scala/sbt-scalafix_2.12_1.0/<latest>/sbt-scalafix-<latest>.pom[0m
[0m[[0m[31merror[0m] [0m[0m  not found: C:\Users\syake\.ivy2\localch.epfl.scala\sbt-scalafix\scala_2.12\sbt_1.0\<latest>\ivys\ivy.xml[0m
[0m[[0m[31merror[0m] [0m[0m  download error: Caught java.net.URISyntaxException (Illegal character in path at index 102: https://repo.scala-sbt.org/scalasbt/sbt-plugin-releases/ch.epfl.scala/sbt-scalafix/scala_2.12/sbt_1.0/<latest>/ivys/ivy.xml) while downloading https://repo.scala-sbt.org/scalasbt/sbt-plugin-releases/ch.epfl.scala/sbt-scalafix/scala_2.12/sbt_1.0/<latest>/ivys/ivy.xml[0m
[0m[[0m[31merror[0m] [0m[0m  download error: Caught java.net.URISyntaxException (Illegal character in path at index 94: https://repo.typesafe.com/typesafe/ivy-releases/ch.epfl.scala/sbt-scalafix/scala_2.12/sbt_1.0/<latest>/ivys/ivy.xml) while downloading https://repo.typesafe.com/typesafe/ivy-releases/ch.epfl.scala/sbt-scalafix/scala_2.12/sbt_1.0/<latest>/ivys/ivy.xml))), directCause=None), Incomplete(node=Some(Task(_)), tpe=Error, msg=None, causes=List(Incomplete(node=Some(Task(_)), tpe=Error, msg=None, causes=List(Incomplete(node=Some(Task((taskDefinitionKey: ScopedKey(Scope(Select(ProjectRef(file:/D:/GitHub/20-Onishi.Yosei/TDD/Test-Driven%20Development/project/,test-driven-development-build)), Select(ConfigKey(compile)), Zero, Zero),externalDependencyClasspath)))), tpe=Error, msg=None, causes=List(Incomplete(node=Some(Task(_)), tpe=Error, msg=None, causes=List(Incomplete(node=Some(Task((taskDefinitionKey: ScopedKey(Scope(Select(ProjectRef(file:/D:/GitHub/20-Onishi.Yosei/TDD/Test-Driven%20Development/project/,test-driven-development-build)), Select(ConfigKey(compile)), Zero, Zero),managedClasspath)))), tpe=Error, msg=None, causes=List(Incomplete(node=Some(Task(_)), tpe=Error, msg=None, causes=List(Incomplete(node=Some(Task((taskDefinitionKey: ScopedKey(Scope(Select(ProjectRef(file:/D:/GitHub/20-Onishi.Yosei/TDD/Test-Driven%20Development/project/,test-driven-development-build)), Zero, Zero, Zero),update)))), tpe=Error, msg=None, causes=List(Incomplete(node=Some(Task((tags: Map(Tag(update) -> 1, Tag(network) -> 1), taskDefinitionKey: ScopedKey(Scope(Select(ProjectRef(file:/D:/GitHub/20-Onishi.Yosei/TDD/Test-Driven%20Development/project/,test-driven-development-build)), Zero, Zero, Zero),update)))), tpe=Error, msg=None, causes=List(), directCause=Some(sbt.librarymanagement.ResolveException: Error downloading org.scalameta:scalafmt;sbtVersion=1.0;scalaVersion=2.12:<latest>[0m
[0m[[0m[31merror[0m] [0m[0m  Not found[0m
[0m[[0m[31merror[0m] [0m[0m  Not found[0m
[0m[[0m[31merror[0m] [0m[0m  not found: https://repo1.maven.org/maven2/org/scalameta/scalafmt_2.12_1.0/<latest>/scalafmt-<latest>.pom[0m
[0m[[0m[31merror[0m] [0m[0m  not found: C:\Users\syake\.ivy2\localorg.scalameta\scalafmt\scala_2.12\sbt_1.0\<latest>\ivys\ivy.xml[0m
[0m[[0m[31merror[0m] [0m[0m  download error: Caught java.net.URISyntaxException (Illegal character in path at index 98: https://repo.scala-sbt.org/scalasbt/sbt-plugin-releases/org.scalameta/scalafmt/scala_2.12/sbt_1.0/<latest>/ivys/ivy.xml) while downloading https://repo.scala-sbt.org/scalasbt/sbt-plugin-releases/org.scalameta/scalafmt/scala_2.12/sbt_1.0/<latest>/ivys/ivy.xml[0m
[0m[[0m[31merror[0m] [0m[0m  download error: Caught java.net.URISyntaxException (Illegal character in path at index 90: https://repo.typesafe.com/typesafe/ivy-releases/org.scalameta/scalafmt/scala_2.12/sbt_1.0/<latest>/ivys/ivy.xml) while downloading https://repo.typesafe.com/typesafe/ivy-releases/org.scalameta/scalafmt/scala_2.12/sbt_1.0/<latest>/ivys/ivy.xml[0m
[0m[[0m[31merror[0m] [0m[0mError downloading ch.epfl.scala:sbt-scalafix;sbtVersion=1.0;scalaVersion=2.12:<latest>[0m
[0m[[0m[31merror[0m] [0m[0m  Not found[0m
[0m[[0m[31merror[0m] [0m[0m  Not found[0m
[0m[[0m[31merror[0m] [0m[0m  not found: https://repo1.maven.org/maven2/ch/epfl/scala/sbt-scalafix_2.12_1.0/<latest>/sbt-scalafix-<latest>.pom[0m
[0m[[0m[31merror[0m] [0m[0m  not found: C:\Users\syake\.ivy2\localch.epfl.scala\sbt-scalafix\scala_2.12\sbt_1.0\<latest>\ivys\ivy.xml[0m
[0m[[0m[31merror[0m] [0m[0m  download error: Caught java.net.URISyntaxException (Illegal character in path at index 102: https://repo.scala-sbt.org/scalasbt/sbt-plugin-releases/ch.epfl.scala/sbt-scalafix/scala_2.12/sbt_1.0/<latest>/ivys/ivy.xml) while downloading https://repo.scala-sbt.org/scalasbt/sbt-plugin-releases/ch.epfl.scala/sbt-scalafix/scala_2.12/sbt_1.0/<latest>/ivys/ivy.xml[0m
[0m[[0m[31merror[0m] [0m[0m  download error: Caught java.net.URISyntaxException (Illegal character in path at index 94: https://repo.typesafe.com/typesafe/ivy-releases/ch.epfl.scala/sbt-scalafix/scala_2.12/sbt_1.0/<latest>/ivys/ivy.xml) while downloading https://repo.typesafe.com/typesafe/ivy-releases/ch.epfl.scala/sbt-scalafix/scala_2.12/sbt_1.0/<latest>/ivys/ivy.xml))), directCause=None), Incomplete(node=Some(Task((taskDefinitionKey: ScopedKey(Scope(Select(ProjectRef(file:/D:/GitHub/20-Onishi.Yosei/TDD/Test-Driven%20Development/project/,test-driven-development-build)), Select(ConfigKey(compile)), Zero, Zero),classpathConfiguration)))), tpe=Error, msg=None, causes=List(Incomplete(node=Some(Task((taskDefinitionKey: ScopedKey(Scope(Select(ProjectRef(file:/D:/GitHub/20-Onishi.Yosei/TDD/Test-Driven%20Development/project/,test-driven-development-build)), Zero, Zero, Zero),update)))), tpe=Error, msg=None, causes=List(Incomplete(node=Some(Task((tags: Map(Tag(update) -> 1, Tag(network) -> 1), taskDefinitionKey: ScopedKey(Scope(Select(ProjectRef(file:/D:/GitHub/20-Onishi.Yosei/TDD/Test-Driven%20Development/project/,test-driven-development-build)), Zero, Zero, Zero),update)))), tpe=Error, msg=None, causes=List(), directCause=Some(sbt.librarymanagement.ResolveException: Error downloading org.scalameta:scalafmt;sbtVersion=1.0;scalaVersion=2.12:<latest>[0m
[0m[[0m[31merror[0m] [0m[0m  Not found[0m
[0m[[0m[31merror[0m] [0m[0m  Not found[0m
[0m[[0m[31merror[0m] [0m[0m  not found: https://repo1.maven.org/maven2/org/scalameta/scalafmt_2.12_1.0/<latest>/scalafmt-<latest>.pom[0m
[0m[[0m[31merror[0m] [0m[0m  not found: C:\Users\syake\.ivy2\localorg.scalameta\scalafmt\scala_2.12\sbt_1.0\<latest>\ivys\ivy.xml[0m
[0m[[0m[31merror[0m] [0m[0m  download error: Caught java.net.URISyntaxException (Illegal character in path at index 98: https://repo.scala-sbt.org/scalasbt/sbt-plugin-releases/org.scalameta/scalafmt/scala_2.12/sbt_1.0/<latest>/ivys/ivy.xml) while downloading https://repo.scala-sbt.org/scalasbt/sbt-plugin-releases/org.scalameta/scalafmt/scala_2.12/sbt_1.0/<latest>/ivys/ivy.xml[0m
[0m[[0m[31merror[0m] [0m[0m  download error: Caught java.net.URISyntaxException (Illegal character in path at index 90: https://repo.typesafe.com/typesafe/ivy-releases/org.scalameta/scalafmt/scala_2.12/sbt_1.0/<latest>/ivys/ivy.xml) while downloading https://repo.typesafe.com/typesafe/ivy-releases/org.scalameta/scalafmt/scala_2.12/sbt_1.0/<latest>/ivys/ivy.xml[0m
[0m[[0m[31merror[0m] [0m[0mError downloading ch.epfl.scala:sbt-scalafix;sbtVersion=1.0;scalaVersion=2.12:<latest>[0m
[0m[[0m[31merror[0m] [0m[0m  Not found[0m
[0m[[0m[31merror[0m] [0m[0m  Not found[0m
[0m[[0m[31merror[0m] [0m[0m  not found: https://repo1.maven.org/maven2/ch/epfl/scala/sbt-scalafix_2.12_1.0/<latest>/sbt-scalafix-<latest>.pom[0m
[0m[[0m[31merror[0m] [0m[0m  not found: C:\Users\syake\.ivy2\localch.epfl.scala\sbt-scalafix\scala_2.12\sbt_1.0\<latest>\ivys\ivy.xml[0m
[0m[[0m[31merror[0m] [0m[0m  download error: Caught java.net.URISyntaxException (Illegal character in path at index 102: https://repo.scala-sbt.org/scalasbt/sbt-plugin-releases/ch.epfl.scala/sbt-scalafix/scala_2.12/sbt_1.0/<latest>/ivys/ivy.xml) while downloading https://repo.scala-sbt.org/scalasbt/sbt-plugin-releases/ch.epfl.scala/sbt-scalafix/scala_2.12/sbt_1.0/<latest>/ivys/ivy.xml[0m
[0m[[0m[31merror[0m] [0m[0m  download error: Caught java.net.URISyntaxException (Illegal character in path at index 94: https://repo.typesafe.com/typesafe/ivy-releases/ch.epfl.scala/sbt-scalafix/scala_2.12/sbt_1.0/<latest>/ivys/ivy.xml) while downloading https://repo.typesafe.com/typesafe/ivy-releases/ch.epfl.scala/sbt-scalafix/scala_2.12/sbt_1.0/<latest>/ivys/ivy.xml))), directCause=None)), directCause=None)), directCause=None)), directCause=None)), directCause=None)), directCause=None)), directCause=None)), directCause=None), Incomplete(node=Some(Task((taskDefinitionKey: ScopedKey(Scope(Select(ProjectRef(file:/D:/GitHub/20-Onishi.Yosei/TDD/Test-Driven%20Development/project/,test-driven-development-build)), Select(ConfigKey(compile)), Zero, Zero),bloopInternalClasspath)))), tpe=Error, msg=None, causes=List(Incomplete(node=Some(Task(_)), tpe=Error, msg=None, causes=List(Incomplete(node=Some(Task((taskDefinitionKey: ScopedKey(Scope(Select(ProjectRef(file:/D:/GitHub/20-Onishi.Yosei/TDD/Test-Driven%20Development/project/,test-driven-development-build)), Select(ConfigKey(compile)), Zero, Zero),classpathConfiguration)))), tpe=Error, msg=None, causes=List(Incomplete(node=Some(Task((taskDefinitionKey: ScopedKey(Scope(Select(ProjectRef(file:/D:/GitHub/20-Onishi.Yosei/TDD/Test-Driven%20Development/project/,test-driven-development-build)), Zero, Zero, Zero),update)))), tpe=Error, msg=None, causes=List(Incomplete(node=Some(Task((tags: Map(Tag(update) -> 1, Tag(network) -> 1), taskDefinitionKey: ScopedKey(Scope(Select(ProjectRef(file:/D:/GitHub/20-Onishi.Yosei/TDD/Test-Driven%20Development/project/,test-driven-development-build)), Zero, Zero, Zero),update)))), tpe=Error, msg=None, causes=List(), directCause=Some(sbt.librarymanagement.ResolveException: Error downloading org.scalameta:scalafmt;sbtVersion=1.0;scalaVersion=2.12:<latest>[0m
[0m[[0m[31merror[0m] [0m[0m  Not found[0m
[0m[[0m[31merror[0m] [0m[0m  Not found[0m
[0m[[0m[31merror[0m] [0m[0m  not found: https://repo1.maven.org/maven2/org/scalameta/scalafmt_2.12_1.0/<latest>/scalafmt-<latest>.pom[0m
[0m[[0m[31merror[0m] [0m[0m  not found: C:\Users\syake\.ivy2\localorg.scalameta\scalafmt\scala_2.12\sbt_1.0\<latest>\ivys\ivy.xml[0m
[0m[[0m[31merror[0m] [0m[0m  download error: Caught java.net.URISyntaxException (Illegal character in path at index 98: https://repo.scala-sbt.org/scalasbt/sbt-plugin-releases/org.scalameta/scalafmt/scala_2.12/sbt_1.0/<latest>/ivys/ivy.xml) while downloading https://repo.scala-sbt.org/scalasbt/sbt-plugin-releases/org.scalameta/scalafmt/scala_2.12/sbt_1.0/<latest>/ivys/ivy.xml[0m
[0m[[0m[31merror[0m] [0m[0m  download error: Caught java.net.URISyntaxException (Illegal character in path at index 90: https://repo.typesafe.com/typesafe/ivy-releases/org.scalameta/scalafmt/scala_2.12/sbt_1.0/<latest>/ivys/ivy.xml) while downloading https://repo.typesafe.com/typesafe/ivy-releases/org.scalameta/scalafmt/scala_2.12/sbt_1.0/<latest>/ivys/ivy.xml[0m
[0m[[0m[31merror[0m] [0m[0mError downloading ch.epfl.scala:sbt-scalafix;sbtVersion=1.0;scalaVersion=2.12:<latest>[0m
[0m[[0m[31merror[0m] [0m[0m  Not found[0m
[0m[[0m[31merror[0m] [0m[0m  Not found[0m
[0m[[0m[31merror[0m] [0m[0m  not found: https://repo1.maven.org/maven2/ch/epfl/scala/sbt-scalafix_2.12_1.0/<latest>/sbt-scalafix-<latest>.pom[0m
[0m[[0m[31merror[0m] [0m[0m  not found: C:\Users\syake\.ivy2\localch.epfl.scala\sbt-scalafix\scala_2.12\sbt_1.0\<latest>\ivys\ivy.xml[0m
[0m[[0m[31merror[0m] [0m[0m  download error: Caught java.net.URISyntaxException (Illegal character in path at index 102: https://repo.scala-sbt.org/scalasbt/sbt-plugin-releases/ch.epfl.scala/sbt-scalafix/scala_2.12/sbt_1.0/<latest>/ivys/ivy.xml) while downloading https://repo.scala-sbt.org/scalasbt/sbt-plugin-releases/ch.epfl.scala/sbt-scalafix/scala_2.12/sbt_1.0/<latest>/ivys/ivy.xml[0m
[0m[[0m[31merror[0m] [0m[0m  download error: Caught java.net.URISyntaxException (Illegal character in path at index 94: https://repo.typesafe.com/typesafe/ivy-releases/ch.epfl.scala/sbt-scalafix/scala_2.12/sbt_1.0/<latest>/ivys/ivy.xml) while downloading https://repo.typesafe.com/typesafe/ivy-releases/ch.epfl.scala/sbt-scalafix/scala_2.12/sbt_1.0/<latest>/ivys/ivy.xml))), directCause=None)), directCause=None)), directCause=None)), directCause=None), Incomplete(node=Some(Task((taskDefinitionKey: ScopedKey(Scope(Select(ProjectRef(file:/D:/GitHub/20-Onishi.Yosei/TDD/Test-Driven%20Development/project/,test-driven-development-build)), Select(ConfigKey(compile)), Zero, Zero),scalacOptions)))), tpe=Error, msg=None, causes=List(Incomplete(node=Some(Task((taskDefinitionKey: ScopedKey(Scope(Select(ProjectRef(file:/D:/GitHub/20-Onishi.Yosei/TDD/Test-Driven%20Development/project/,test-driven-development-build)), Select(ConfigKey(compile)), Zero, Zero),scalacOptions)))), tpe=Error, msg=None, causes=List(Incomplete(node=Some(Task((taskDefinitionKey: ScopedKey(Scope(Select(ProjectRef(file:/D:/GitHub/20-Onishi.Yosei/TDD/Test-Driven%20Development/project/,test-driven-development-build)), Select(ConfigKey(compile)), Zero, Zero),scalacOptions)))), tpe=Error, msg=None, causes=List(Incomplete(node=Some(Task((taskDefinitionKey: ScopedKey(Scope(Select(ProjectRef(file:/D:/GitHub/20-Onishi.Yosei/TDD/Test-Driven%20Development/project/,test-driven-development-build)), Select(ConfigKey(compile)), Zero, Zero),scalacOptions)))), tpe=Error, msg=None, causes=List(Incomplete(node=Some(Task((taskDefinitionKey: ScopedKey(Scope(Select(ProjectRef(file:/D:/GitHub/20-Onishi.Yosei/TDD/Test-Driven%20Development/project/,test-driven-development-build)), Select(ConfigKey(compile)), Zero, Zero),scalacOptions)))), tpe=Error, msg=None, causes=List(Incomplete(node=Some(Task((taskDefinitionKey: ScopedKey(Scope(Select(ProjectRef(file:/D:/GitHub/20-Onishi.Yosei/TDD/Test-Driven%20Development/project/,test-driven-development-build)), Zero, Zero, Zero),update)))), tpe=Error, msg=None, causes=List(Incomplete(node=Some(Task((tags: Map(Tag(update) -> 1, Tag(network) -> 1), taskDefinitionKey: ScopedKey(Scope(Select(ProjectRef(file:/D:/GitHub/20-Onishi.Yosei/TDD/Test-Driven%20Development/project/,test-driven-development-build)), Zero, Zero, Zero),update)))), tpe=Error, msg=None, causes=List(), directCause=Some(sbt.librarymanagement.ResolveException: Error downloading org.scalameta:scalafmt;sbtVersion=1.0;scalaVersion=2.12:<latest>[0m
[0m[[0m[31merror[0m] [0m[0m  Not found[0m
[0m[[0m[31merror[0m] [0m[0m  Not found[0m
[0m[[0m[31merror[0m] [0m[0m  not found: https://repo1.maven.org/maven2/org/scalameta/scalafmt_2.12_1.0/<latest>/scalafmt-<latest>.pom[0m
[0m[[0m[31merror[0m] [0m[0m  not found: C:\Users\syake\.ivy2\localorg.scalameta\scalafmt\scala_2.12\sbt_1.0\<latest>\ivys\ivy.xml[0m
[0m[[0m[31merror[0m] [0m[0m  download error: Caught java.net.URISyntaxException (Illegal character in path at index 98: https://repo.scala-sbt.org/scalasbt/sbt-plugin-releases/org.scalameta/scalafmt/scala_2.12/sbt_1.0/<latest>/ivys/ivy.xml) while downloading https://repo.scala-sbt.org/scalasbt/sbt-plugin-releases/org.scalameta/scalafmt/scala_2.12/sbt_1.0/<latest>/ivys/ivy.xml[0m
[0m[[0m[31merror[0m] [0m[0m  download error: Caught java.net.URISyntaxException (Illegal character in path at index 90: https://repo.typesafe.com/typesafe/ivy-releases/org.scalameta/scalafmt/scala_2.12/sbt_1.0/<latest>/ivys/ivy.xml) while downloading https://repo.typesafe.com/typesafe/ivy-releases/org.scalameta/scalafmt/scala_2.12/sbt_1.0/<latest>/ivys/ivy.xml[0m
[0m[[0m[31merror[0m] [0m[0mError downloading ch.epfl.scala:sbt-scalafix;sbtVersion=1.0;scalaVersion=2.12:<latest>[0m
[0m[[0m[31merror[0m] [0m[0m  Not found[0m
[0m[[0m[31merror[0m] [0m[0m  Not found[0m
[0m[[0m[31merror[0m] [0m[0m  not found: https://repo1.maven.org/maven2/ch/epfl/scala/sbt-scalafix_2.12_1.0/<latest>/sbt-scalafix-<latest>.pom[0m
[0m[[0m[31merror[0m] [0m[0m  not found: C:\Users\syake\.ivy2\localch.epfl.scala\sbt-scalafix\scala_2.12\sbt_1.0\<latest>\ivys\ivy.xml[0m
[0m[[0m[31merror[0m] [0m[0m  download error: Caught java.net.URISyntaxException (Illegal character in path at index 102: https://repo.scala-sbt.org/scalasbt/sbt-plugin-releases/ch.epfl.scala/sbt-scalafix/scala_2.12/sbt_1.0/<latest>/ivys/ivy.xml) while downloading https://repo.scala-sbt.org/scalasbt/sbt-plugin-releases/ch.epfl.scala/sbt-scalafix/scala_2.12/sbt_1.0/<latest>/ivys/ivy.xml[0m
[0m[[0m[31merror[0m] [0m[0m  download error: Caught java.net.URISyntaxException (Illegal character in path at index 94: https://repo.typesafe.com/typesafe/ivy-releases/ch.epfl.scala/sbt-scalafix/scala_2.12/sbt_1.0/<latest>/ivys/ivy.xml) while downloading https://repo.typesafe.com/typesafe/ivy-releases/ch.epfl.scala/sbt-scalafix/scala_2.12/sbt_1.0/<latest>/ivys/ivy.xml))), directCause=None)), directCause=None)), directCause=None)), directCause=None)), directCause=None)), directCause=None), Incomplete(node=Some(Task(_)), tpe=Error, msg=None, causes=List(Incomplete(node=Some(Task((taskDefinitionKey: ScopedKey(Scope(Select(ProjectRef(file:/D:/GitHub/20-Onishi.Yosei/TDD/Test-Driven%20Development/project/,test-driven-development-build)), Select(ConfigKey(compile)), Zero, Zero),externalDependencyClasspath)))), tpe=Error, msg=None, causes=List(Incomplete(node=Some(Task(_)), tpe=Error, msg=None, causes=List(Incomplete(node=Some(Task((taskDefinitionKey: ScopedKey(Scope(Select(ProjectRef(file:/D:/GitHub/20-Onishi.Yosei/TDD/Test-Driven%20Development/project/,test-driven-development-build)), Select(ConfigKey(compile)), Zero, Zero),managedClasspath)))), tpe=Error, msg=None, causes=List(Incomplete(node=Some(Task(_)), tpe=Error, msg=None, causes=List(Incomplete(node=Some(Task((taskDefinitionKey: ScopedKey(Scope(Select(ProjectRef(file:/D:/GitHub/20-Onishi.Yosei/TDD/Test-Driven%20Development/project/,test-driven-development-build)), Zero, Zero, Zero),update)))), tpe=Error, msg=None, causes=List(Incomplete(node=Some(Task((tags: Map(Tag(update) -> 1, Tag(network) -> 1), taskDefinitionKey: ScopedKey(Scope(Select(ProjectRef(file:/D:/GitHub/20-Onishi.Yosei/TDD/Test-Driven%20Development/project/,test-driven-development-build)), Zero, Zero, Zero),update)))), tpe=Error, msg=None, causes=List(), directCause=Some(sbt.librarymanagement.ResolveException: Error downloading org.scalameta:scalafmt;sbtVersion=1.0;scalaVersion=2.12:<latest>[0m
[0m[[0m[31merror[0m] [0m[0m  Not found[0m
[0m[[0m[31merror[0m] [0m[0m  Not found[0m
[0m[[0m[31merror[0m] [0m[0m  not found: https://repo1.maven.org/maven2/org/scalameta/scalafmt_2.12_1.0/<latest>/scalafmt-<latest>.pom[0m
[0m[[0m[31merror[0m] [0m[0m  not found: C:\Users\syake\.ivy2\localorg.scalameta\scalafmt\scala_2.12\sbt_1.0\<latest>\ivys\ivy.xml[0m
[0m[[0m[31merror[0m] [0m[0m  download error: Caught java.net.URISyntaxException (Illegal character in path at index 98: https://repo.scala-sbt.org/scalasbt/sbt-plugin-releases/org.scalameta/scalafmt/scala_2.12/sbt_1.0/<latest>/ivys/ivy.xml) while downloading https://repo.scala-sbt.org/scalasbt/sbt-plugin-releases/org.scalameta/scalafmt/scala_2.12/sbt_1.0/<latest>/ivys/ivy.xml[0m
[0m[[0m[31merror[0m] [0m[0m  download error: Caught java.net.URISyntaxException (Illegal character in path at index 90: https://repo.typesafe.com/typesafe/ivy-releases/org.scalameta/scalafmt/scala_2.12/sbt_1.0/<latest>/ivys/ivy.xml) while downloading https://repo.typesafe.com/typesafe/ivy-releases/org.scalameta/scalafmt/scala_2.12/sbt_1.0/<latest>/ivys/ivy.xml[0m
[0m[[0m[31merror[0m] [0m[0mError downloading ch.epfl.scala:sbt-scalafix;sbtVersion=1.0;scalaVersion=2.12:<latest>[0m
[0m[[0m[31merror[0m] [0m[0m  Not found[0m
[0m[[0m[31merror[0m] [0m[0m  Not found[0m
[0m[[0m[31merror[0m] [0m[0m  not found: https://repo1.maven.org/maven2/ch/epfl/scala/sbt-scalafix_2.12_1.0/<latest>/sbt-scalafix-<latest>.pom[0m
[0m[[0m[31merror[0m] [0m[0m  not found: C:\Users\syake\.ivy2\localch.epfl.scala\sbt-scalafix\scala_2.12\sbt_1.0\<latest>\ivys\ivy.xml[0m
[0m[[0m[31merror[0m] [0m[0m  download error: Caught java.net.URISyntaxException (Illegal character in path at index 102: https://repo.scala-sbt.org/scalasbt/sbt-plugin-releases/ch.epfl.scala/sbt-scalafix/scala_2.12/sbt_1.0/<latest>/ivys/ivy.xml) while downloading https://repo.scala-sbt.org/scalasbt/sbt-plugin-releases/ch.epfl.scala/sbt-scalafix/scala_2.12/sbt_1.0/<latest>/ivys/ivy.xml[0m
[0m[[0m[31merror[0m] [0m[0m  download error: Caught java.net.URISyntaxException (Illegal character in path at index 94: https://repo.typesafe.com/typesafe/ivy-releases/ch.epfl.scala/sbt-scalafix/scala_2.12/sbt_1.0/<latest>/ivys/ivy.xml) while downloading https://repo.typesafe.com/typesafe/ivy-releases/ch.epfl.scala/sbt-scalafix/scala_2.12/sbt_1.0/<latest>/ivys/ivy.xml))), directCause=None), Incomplete(node=Some(Task((taskDefinitionKey: ScopedKey(Scope(Select(ProjectRef(file:/D:/GitHub/20-Onishi.Yosei/TDD/Test-Driven%20Development/project/,test-driven-development-build)), Select(ConfigKey(compile)), Zero, Zero),classpathConfiguration)))), tpe=Error, msg=None, causes=List(Incomplete(node=Some(Task((taskDefinitionKey: ScopedKey(Scope(Select(ProjectRef(file:/D:/GitHub/20-Onishi.Yosei/TDD/Test-Driven%20Development/project/,test-driven-development-build)), Zero, Zero, Zero),update)))), tpe=Error, msg=None, causes=List(Incomplete(node=Some(Task((tags: Map(Tag(update) -> 1, Tag(network) -> 1), taskDefinitionKey: ScopedKey(Scope(Select(ProjectRef(file:/D:/GitHub/20-Onishi.Yosei/TDD/Test-Driven%20Development/project/,test-driven-development-build)), Zero, Zero, Zero),update)))), tpe=Error, msg=None, causes=List(), directCause=Some(sbt.librarymanagement.ResolveException: Error downloading org.scalameta:scalafmt;sbtVersion=1.0;scalaVersion=2.12:<latest>[0m
[0m[[0m[31merror[0m] [0m[0m  Not found[0m
[0m[[0m[31merror[0m] [0m[0m  Not found[0m
[0m[[0m[31merror[0m] [0m[0m  not found: https://repo1.maven.org/maven2/org/scalameta/scalafmt_2.12_1.0/<latest>/scalafmt-<latest>.pom[0m
[0m[[0m[31merror[0m] [0m[0m  not found: C:\Users\syake\.ivy2\localorg.scalameta\scalafmt\scala_2.12\sbt_1.0\<latest>\ivys\ivy.xml[0m
[0m[[0m[31merror[0m] [0m[0m  download error: Caught java.net.URISyntaxException (Illegal character in path at index 98: https://repo.scala-sbt.org/scalasbt/sbt-plugin-releases/org.scalameta/scalafmt/scala_2.12/sbt_1.0/<latest>/ivys/ivy.xml) while downloading https://repo.scala-sbt.org/scalasbt/sbt-plugin-releases/org.scalameta/scalafmt/scala_2.12/sbt_1.0/<latest>/ivys/ivy.xml[0m
[0m[[0m[31merror[0m] [0m[0m  download error: Caught java.net.URISyntaxException (Illegal character in path at index 90: https://repo.typesafe.com/typesafe/ivy-releases/org.scalameta/scalafmt/scala_2.12/sbt_1.0/<latest>/ivys/ivy.xml) while downloading https://repo.typesafe.com/typesafe/ivy-releases/org.scalameta/scalafmt/scala_2.12/sbt_1.0/<latest>/ivys/ivy.xml[0m
[0m[[0m[31merror[0m] [0m[0mError downloading ch.epfl.scala:sbt-scalafix;sbtVersion=1.0;scalaVersion=2.12:<latest>[0m
[0m[[0m[31merror[0m] [0m[0m  Not found[0m
[0m[[0m[31merror[0m] [0m[0m  Not found[0m
[0m[[0m[31merror[0m] [0m[0m  not found: https://repo1.maven.org/maven2/ch/epfl/scala/sbt-scalafix_2.12_1.0/<latest>/sbt-scalafix-<latest>.pom[0m
[0m[[0m[31merror[0m] [0m[0m  not found: C:\Users\syake\.ivy2\localch.epfl.scala\sbt-scalafix\scala_2.12\sbt_1.0\<latest>\ivys\ivy.xml[0m
[0m[[0m[31merror[0m] [0m[0m  download error: Caught java.net.URISyntaxException (Illegal character in path at index 102: https://repo.scala-sbt.org/scalasbt/sbt-plugin-releases/ch.epfl.scala/sbt-scalafix/scala_2.12/sbt_1.0/<latest>/ivys/ivy.xml) while downloading https://repo.scala-sbt.org/scalasbt/sbt-plugin-releases/ch.epfl.scala/sbt-scalafix/scala_2.12/sbt_1.0/<latest>/ivys/ivy.xml[0m
[0m[[0m[31merror[0m] [0m[0m  download error: Caught java.net.URISyntaxException (Illegal character in path at index 94: https://repo.typesafe.com/typesafe/ivy-releases/ch.epfl.scala/sbt-scalafix/scala_2.12/sbt_1.0/<latest>/ivys/ivy.xml) while downloading https://repo.typesafe.com/typesafe/ivy-releases/ch.epfl.scala/sbt-scalafix/scala_2.12/sbt_1.0/<latest>/ivys/ivy.xml))), directCause=None)), directCause=None)), directCause=None)), directCause=None)), directCause=None)), directCause=None), Incomplete(node=Some(Task((taskDefinitionKey: ScopedKey(Scope(Select(ProjectRef(file:/D:/GitHub/20-Onishi.Yosei/TDD/Test-Driven%20Development/project/,test-driven-development-build)), Select(ConfigKey(compile)), Zero, Zero),bloopInternalClasspath)))), tpe=Error, msg=None, causes=List(Incomplete(node=Some(Task(_)), tpe=Error, msg=None, causes=List(Incomplete(node=Some(Task((taskDefinitionKey: ScopedKey(Scope(Select(ProjectRef(file:/D:/GitHub/20-Onishi.Yosei/TDD/Test-Driven%20Development/project/,test-driven-development-build)), Select(ConfigKey(compile)), Zero, Zero),classpathConfiguration)))), tpe=Error, msg=None, causes=List(Incomplete(node=Some(Task((taskDefinitionKey: ScopedKey(Scope(Select(ProjectRef(file:/D:/GitHub/20-Onishi.Yosei/TDD/Test-Driven%20Development/project/,test-driven-development-build)), Zero, Zero, Zero),update)))), tpe=Error, msg=None, causes=List(Incomplete(node=Some(Task((tags: Map(Tag(update) -> 1, Tag(network) -> 1), taskDefinitionKey: ScopedKey(Scope(Select(ProjectRef(file:/D:/GitHub/20-Onishi.Yosei/TDD/Test-Driven%20Development/project/,test-driven-development-build)), Zero, Zero, Zero),update)))), tpe=Error, msg=None, causes=List(), directCause=Some(sbt.librarymanagement.ResolveException: Error downloading org.scalameta:scalafmt;sbtVersion=1.0;scalaVersion=2.12:<latest>[0m
[0m[[0m[31merror[0m] [0m[0m  Not found[0m
[0m[[0m[31merror[0m] [0m[0m  Not found[0m
[0m[[0m[31merror[0m] [0m[0m  not found: https://repo1.maven.org/maven2/org/scalameta/scalafmt_2.12_1.0/<latest>/scalafmt-<latest>.pom[0m
[0m[[0m[31merror[0m] [0m[0m  not found: C:\Users\syake\.ivy2\localorg.scalameta\scalafmt\scala_2.12\sbt_1.0\<latest>\ivys\ivy.xml[0m
[0m[[0m[31merror[0m] [0m[0m  download error: Caught java.net.URISyntaxException (Illegal character in path at index 98: https://repo.scala-sbt.org/scalasbt/sbt-plugin-releases/org.scalameta/scalafmt/scala_2.12/sbt_1.0/<latest>/ivys/ivy.xml) while downloading https://repo.scala-sbt.org/scalasbt/sbt-plugin-releases/org.scalameta/scalafmt/scala_2.12/sbt_1.0/<latest>/ivys/ivy.xml[0m
[0m[[0m[31merror[0m] [0m[0m  download error: Caught java.net.URISyntaxException (Illegal character in path at index 90: https://repo.typesafe.com/typesafe/ivy-releases/org.scalameta/scalafmt/scala_2.12/sbt_1.0/<latest>/ivys/ivy.xml) while downloading https://repo.typesafe.com/typesafe/ivy-releases/org.scalameta/scalafmt/scala_2.12/sbt_1.0/<latest>/ivys/ivy.xml[0m
[0m[[0m[31merror[0m] [0m[0mError downloading ch.epfl.scala:sbt-scalafix;sbtVersion=1.0;scalaVersion=2.12:<latest>[0m
[0m[[0m[31merror[0m] [0m[0m  Not found[0m
[0m[[0m[31merror[0m] [0m[0m  Not found[0m
[0m[[0m[31merror[0m] [0m[0m  not found: https://repo1.maven.org/maven2/ch/epfl/scala/sbt-scalafix_2.12_1.0/<latest>/sbt-scalafix-<latest>.pom[0m
[0m[[0m[31merror[0m] [0m[0m  not found: C:\Users\syake\.ivy2\localch.epfl.scala\sbt-scalafix\scala_2.12\sbt_1.0\<latest>\ivys\ivy.xml[0m
[0m[[0m[31merror[0m] [0m[0m  download error: Caught java.net.URISyntaxException (Illegal character in path at index 102: https://repo.scala-sbt.org/scalasbt/sbt-plugin-releases/ch.epfl.scala/sbt-scalafix/scala_2.12/sbt_1.0/<latest>/ivys/ivy.xml) while downloading https://repo.scala-sbt.org/scalasbt/sbt-plugin-releases/ch.epfl.scala/sbt-scalafix/scala_2.12/sbt_1.0/<latest>/ivys/ivy.xml[0m
[0m[[0m[31merror[0m] [0m[0m  download error: Caught java.net.URISyntaxException (Illegal character in path at index 94: https://repo.typesafe.com/typesafe/ivy-releases/ch.epfl.scala/sbt-scalafix/scala_2.12/sbt_1.0/<latest>/ivys/ivy.xml) while downloading https://repo.typesafe.com/typesafe/ivy-releases/ch.epfl.scala/sbt-scalafix/scala_2.12/sbt_1.0/<latest>/ivys/ivy.xml))), directCause=None)), directCause=None)), directCause=None)), directCause=None)), directCause=None)), directCause=None)[0m
