[0m[[0m[0mdebug[0m] [0m[0mRunning TaskDef(money.MoneyTest, org.scalatest.tools.Framework$$anon$1@d23a52d, false, [SuiteSelector])[0m
[0m[[0m[0minfo[0m] [0m[0m[32mMoneyTest:[0m[0m
[0m[[0m[0minfo[0m] [0m[0m[32mtestMultiplication[0m[0m
[0m[[0m[0minfo[0m] [0m[0m[31m- should testMultiplication *** FAILED ***[0m[0m
[0m[[0m[0minfo[0m] [0m[0m[31m  money.Dollar@76595818 did not equal money.Dollar@1c7fd8c6 (MoneyTest.scala:9)[0m[0m
[0m[[0m[0minfo[0m] [0m[0m[32mtestEquality[0m[0m
[0m[[0m[0minfo[0m] [0m[0m[32m- should testEquality[0m[0m
[0m[[0m[0minfo[0m] [0m[0m[36mRun completed in 109 milliseconds.[0m[0m
[0m[[0m[0minfo[0m] [0m[0m[36mTotal number of tests run: 2[0m[0m
[0m[[0m[0minfo[0m] [0m[0m[36mSuites: completed 1, aborted 0[0m[0m
[0m[[0m[0minfo[0m] [0m[0m[36mTests: succeeded 1, failed 1, canceled 0, ignored 0, pending 0[0m[0m
[0m[[0m[0minfo[0m] [0m[0m[31m*** 1 TEST FAILED ***[0m[0m
[0m[[0m[31merror[0m] [0m[0mFailed tests:[0m
[0m[[0m[31merror[0m] [0m[0m	money.MoneyTest[0m
[0m[[0m[31merror[0m] [0m[0m(Test / [31mtest[0m) sbt.TestsFailedException: Tests unsuccessful[0m
